<?xml version="1.0" encoding="UTF-8"?>
<!-- Generated by org.testng.reporters.JUnitReportReporter -->
<testsuite skipped="0" hostname="DESKTOP-VEKUJ09" name="com.qa.rest.tests.GetCallBDD" tests="1" failures="0" timestamp="07 Aug 2019 16:49:12 GMT" time="1.925" errors="0">
  <testcase name="test_numberOfCircutsFor2019_Season" time="1.925" classname="com.qa.rest.tests.GetCallBDD"/>
</testsuite> <!-- com.qa.rest.tests.GetCallBDD -->
